<?xml version="1.0" encoding="UTF-8"?>
<persistence xmlns:xsi="http://www.w3.org/2001/XMLSchema-instance" version="2.0"
             xmlns="http://java.sun.com/xml/ns/persistence"
             xsi:schemaLocation="
        http://java.sun.com/xml/ns/persistence
        http://java.sun.com/xml/ns/persistence/persistence_2_0.xsd">
    <persistence-unit name="test">
        <provider>org.hibernate.jpa.HibernatePersistenceProvider</provider>

        <properties>
            <property name="tomee.jpa.factory.lazy" value="true"/>
            <property name="hibernate.connection.characterEncoding" value="UTF-8"/>
            <property name="hibernate.connection.charSet" value="UTF-8"/>
            <property name="hibernate.connection.useUnicode" value="true"/>
            <property name="hibernate.hbm2ddl.auto" value="create-drop"/>
            <property name="hibernate.hbm2ddl.import_files" value="B00_federation.sql, B01_district.sql,
            B04_function.sql, B05_role.sql, B06_annotation.sql, B08_discipline.sql, B09_grading.sql,
            B10_configuration.sql, B12_audit.sql, B13_license.sql,
            T02_club_testdaten.sql, T03_user_testdaten.sql, T05_role_testdaten.sql, T10_grading_testdaten.sql,
            T11_membership_testdaten.sql, T12_audit_testdaten.sql, T13_course_testdaten.sql, T14_license_testdaten.sql"/>
            <property name="hibernate.hbm2ddl.import_files_sql_extractor"
                      value="org.hibernate.tool.hbm2ddl.MultipleLinesSqlCommandExtractor"/>
            <property name="hibernate.enable_lazy_load_no_trans" value="true"/>
        </properties>
    </persistence-unit>
</persistence>